Last login: Tue Mar  5 17:34:43 on ttys000
Felixde-MacBook-Air:~ felixhui$ cd /Users/felixhui/Desktop/reactJS 
Felixde-MacBook-Air:reactJS felixhui$ ls
Demo1HelloWorld.html
Demo2NestedComponents.html
Demo3ComponentState.html
Demo4Property.html
Demo5Event.html
Demo6Event.html
Demo7Refer.html
Demo8BinaryDataFlow.html
Demo8LifeCycle1.html
Demo8LifeCycle2.html
Demo8LifeCycle3.html
Demo9MixIn.html
ReactJS中文基础教程相关资料及源代码
bower_components
reactJSnotes.docx
~$actJSnotes.docx
Felixde-MacBook-Air:reactJS felixhui$ mkdir reactQa && cd reactQa
Felixde-MacBook-Air:reactQa felixhui$ ls
Felixde-MacBook-Air:reactQa felixhui$ npm init
This utility will walk you through creating a package.json file.
It only covers the most common items, and tries to guess sensible defaults.

See `npm help json` for definitive documentation on these fields
and exactly what they do.

Use `npm install <pkg>` afterwards to install a package and
save it as a dependency in the package.json file.

Press ^C at any time to quit.
package name: (reactqa) 
version: (1.0.0) 
description: 
entry point: (index.js) 
test command: 
git repository: 
keywords: 
author: 
license: (ISC) 
About to write to /Users/felixhui/Desktop/reactJS/reactQa/package.json:

{
  "name": "reactqa",
  "version": "1.0.0",
  "description": "",
  "main": "index.js",
  "scripts": {
    "test": "echo \"Error: no test specified\" && exit 1"
  },
  "author": "",
  "license": "ISC"
}


Is this OK? (yes) yes
Felixde-MacBook-Air:reactQa felixhui$ npm install react --save
npm notice created a lockfile as package-lock.json. You should commit this file.
npm WARN reactqa@1.0.0 No description
npm WARN reactqa@1.0.0 No repository field.

+ react@16.8.3
added 7 packages from 3 contributors and audited 13 packages in 2.275s
found 0 vulnerabilities



   ╭───────────────────────────────────────────────────────────────╮
   │                                                               │
   │       New minor version of npm available! 6.7.0 → 6.8.0       │
   │   Changelog: https://github.com/npm/cli/releases/tag/v6.8.0   │
   │               Run npm install -g npm to update!               │
   │                                                               │
   ╰───────────────────────────────────────────────────────────────╯

Felixde-MacBook-Air:reactQa felixhui$ npm install -g gulp
npm WARN checkPermissions Missing write access to /usr/local/lib/node_modules
npm ERR! path /usr/local/lib/node_modules
npm ERR! code EACCES
npm ERR! errno -13
npm ERR! syscall access
npm ERR! Error: EACCES: permission denied, access '/usr/local/lib/node_modules'
npm ERR!  { [Error: EACCES: permission denied, access '/usr/local/lib/node_modules']
npm ERR!   stack:
npm ERR!    "Error: EACCES: permission denied, access '/usr/local/lib/node_modules'",
npm ERR!   errno: -13,
npm ERR!   code: 'EACCES',
npm ERR!   syscall: 'access',
npm ERR!   path: '/usr/local/lib/node_modules' }
npm ERR! 
npm ERR! The operation was rejected by your operating system.
npm ERR! It is likely you do not have the permissions to access this file as the current user
npm ERR! 
npm ERR! If you believe this might be a permissions issue, please double-check the
npm ERR! permissions of the file and its containing directories, or try running
npm ERR! the command again as root/Administrator (though this is not recommended).

npm ERR! A complete log of this run can be found in:
npm ERR!     /Users/felixhui/.npm/_logs/2019-03-05T11_31_06_698Z-debug.log
Felixde-MacBook-Air:reactQa felixhui$ sudo npm install -g gulp
Password:
/usr/local/bin/gulp -> /usr/local/lib/node_modules/gulp/bin/gulp.js

> fsevents@1.2.7 install /usr/local/lib/node_modules/gulp/node_modules/fsevents
> node install

node-pre-gyp WARN Using needle for node-pre-gyp https download 
node-pre-gyp WARN Pre-built binaries not installable for fsevents@1.2.7 and node@11.10.0 (node-v67 ABI, unknown) (falling back to source compile with node-gyp) 
node-pre-gyp WARN Hit error EACCES: permission denied, mkdir '/usr/local/lib/node_modules/gulp/node_modules/fsevents/lib' 
gyp WARN EACCES user "root" does not have permission to access the dev dir "/Users/felixhui/.node-gyp/11.10.0"
gyp WARN EACCES attempting to reinstall using temporary dev dir "/usr/local/lib/node_modules/gulp/node_modules/fsevents/.node-gyp"
gyp WARN install got an error, rolling back install
gyp WARN install got an error, rolling back install
gyp ERR! configure error 
gyp ERR! stack Error: EACCES: permission denied, mkdir '/usr/local/lib/node_modules/gulp/node_modules/fsevents/.node-gyp'
gyp ERR! System Darwin 18.2.0
gyp ERR! command "/usr/local/bin/node" "/usr/local/lib/node_modules/npm/node_modules/node-gyp/bin/node-gyp.js" "configure" "--fallback-to-build" "--module=/usr/local/lib/node_modules/gulp/node_modules/fsevents/lib/binding/Release/node-v67-darwin-x64/fse.node" "--module_name=fse" "--module_path=/usr/local/lib/node_modules/gulp/node_modules/fsevents/lib/binding/Release/node-v67-darwin-x64" "--napi_version=4" "--node_abi_napi=napi"
gyp ERR! cwd /usr/local/lib/node_modules/gulp/node_modules/fsevents
gyp ERR! node -v v11.10.0
gyp ERR! node-gyp -v v3.8.0
gyp ERR! not ok 
node-pre-gyp ERR! build error 
node-pre-gyp ERR! stack Error: Failed to execute '/usr/local/bin/node /usr/local/lib/node_modules/npm/node_modules/node-gyp/bin/node-gyp.js configure --fallback-to-build --module=/usr/local/lib/node_modules/gulp/node_modules/fsevents/lib/binding/Release/node-v67-darwin-x64/fse.node --module_name=fse --module_path=/usr/local/lib/node_modules/gulp/node_modules/fsevents/lib/binding/Release/node-v67-darwin-x64 --napi_version=4 --node_abi_napi=napi' (1)
node-pre-gyp ERR! stack     at ChildProcess.<anonymous> (/usr/local/lib/node_modules/gulp/node_modules/fsevents/node_modules/node-pre-gyp/lib/util/compile.js:83:29)
node-pre-gyp ERR! stack     at ChildProcess.emit (events.js:197:13)
node-pre-gyp ERR! stack     at maybeClose (internal/child_process.js:984:16)
node-pre-gyp ERR! stack     at Process.ChildProcess._handle.onexit (internal/child_process.js:265:5)
node-pre-gyp ERR! System Darwin 18.2.0
node-pre-gyp ERR! command "/usr/local/bin/node" "/usr/local/lib/node_modules/gulp/node_modules/fsevents/node_modules/node-pre-gyp/bin/node-pre-gyp" "install" "--fallback-to-build"
node-pre-gyp ERR! cwd /usr/local/lib/node_modules/gulp/node_modules/fsevents
node-pre-gyp ERR! node -v v11.10.0
node-pre-gyp ERR! node-pre-gyp -v v0.10.3
node-pre-gyp ERR! not ok 
Failed to execute '/usr/local/bin/node /usr/local/lib/node_modules/npm/node_modules/node-gyp/bin/node-gyp.js configure --fallback-to-build --module=/usr/local/lib/node_modules/gulp/node_modules/fsevents/lib/binding/Release/node-v67-darwin-x64/fse.node --module_name=fse --module_path=/usr/local/lib/node_modules/gulp/node_modules/fsevents/lib/binding/Release/node-v67-darwin-x64 --napi_version=4 --node_abi_napi=napi' (1)
npm WARN optional SKIPPING OPTIONAL DEPENDENCY: fsevents@1.2.7 (node_modules/gulp/node_modules/fsevents):
npm WARN optional SKIPPING OPTIONAL DEPENDENCY: fsevents@1.2.7 install: `node install`
npm WARN optional SKIPPING OPTIONAL DEPENDENCY: Exit status 1

+ gulp@4.0.0
added 316 packages from 216 contributors in 46.288s
Felixde-MacBook-Air:reactQa felixhui$ sudo npm install --save-dev gulp gulp-browserify gulp-concat gulp-react gulp-connect lodash reactify
npm WARN deprecated gulp-react@4.0.0: Deprecated in favor of `gulp-babel`.
npm WARN deprecated gulp-util@2.2.20: gulp-util is deprecated - replace it, following the guidelines at https://medium.com/gulpjs/gulp-util-ca3b1f9f9ac5
npm WARN deprecated minimatch@0.3.0: Please update to minimatch 3.0.2 or higher to avoid a RegExp DoS issue
npm WARN deprecated gulp-util@3.0.8: gulp-util is deprecated - replace it, following the guidelines at https://medium.com/gulpjs/gulp-util-ca3b1f9f9ac5
npm WARN deprecated react-tools@0.13.3: react-tools is deprecated. For more information, visit https://fb.me/react-tools-deprecated

> fsevents@1.2.7 install /Users/felixhui/Desktop/reactJS/reactQa/node_modules/fsevents
> node install

node-pre-gyp WARN Using needle for node-pre-gyp https download 
node-pre-gyp WARN Pre-built binaries not installable for fsevents@1.2.7 and node@11.10.0 (node-v67 ABI, unknown) (falling back to source compile with node-gyp) 
node-pre-gyp WARN Hit error EACCES: permission denied, mkdir '/Users/felixhui/Desktop/reactJS/reactQa/node_modules/fsevents/lib' 
gyp ERR! configure error 
gyp ERR! stack Error: EACCES: permission denied, mkdir '/Users/felixhui/Desktop/reactJS/reactQa/node_modules/fsevents/build'
gyp ERR! System Darwin 18.2.0
gyp ERR! command "/usr/local/bin/node" "/usr/local/lib/node_modules/npm/node_modules/node-gyp/bin/node-gyp.js" "configure" "--fallback-to-build" "--module=/Users/felixhui/Desktop/reactJS/reactQa/node_modules/fsevents/lib/binding/Release/node-v67-darwin-x64/fse.node" "--module_name=fse" "--module_path=/Users/felixhui/Desktop/reactJS/reactQa/node_modules/fsevents/lib/binding/Release/node-v67-darwin-x64" "--napi_version=4" "--node_abi_napi=napi"
gyp ERR! cwd /Users/felixhui/Desktop/reactJS/reactQa/node_modules/fsevents
gyp ERR! node -v v11.10.0
gyp ERR! node-gyp -v v3.8.0
gyp ERR! not ok 
node-pre-gyp ERR! build error 
node-pre-gyp ERR! stack Error: Failed to execute '/usr/local/bin/node /usr/local/lib/node_modules/npm/node_modules/node-gyp/bin/node-gyp.js configure --fallback-to-build --module=/Users/felixhui/Desktop/reactJS/reactQa/node_modules/fsevents/lib/binding/Release/node-v67-darwin-x64/fse.node --module_name=fse --module_path=/Users/felixhui/Desktop/reactJS/reactQa/node_modules/fsevents/lib/binding/Release/node-v67-darwin-x64 --napi_version=4 --node_abi_napi=napi' (1)
node-pre-gyp ERR! stack     at ChildProcess.<anonymous> (/Users/felixhui/Desktop/reactJS/reactQa/node_modules/fsevents/node_modules/node-pre-gyp/lib/util/compile.js:83:29)
node-pre-gyp ERR! stack     at ChildProcess.emit (events.js:197:13)
node-pre-gyp ERR! stack     at maybeClose (internal/child_process.js:984:16)
node-pre-gyp ERR! stack     at Process.ChildProcess._handle.onexit (internal/child_process.js:265:5)
node-pre-gyp ERR! System Darwin 18.2.0
node-pre-gyp ERR! command "/usr/local/bin/node" "/Users/felixhui/Desktop/reactJS/reactQa/node_modules/fsevents/node_modules/node-pre-gyp/bin/node-pre-gyp" "install" "--fallback-to-build"
node-pre-gyp ERR! cwd /Users/felixhui/Desktop/reactJS/reactQa/node_modules/fsevents
node-pre-gyp ERR! node -v v11.10.0
node-pre-gyp ERR! node-pre-gyp -v v0.10.3
node-pre-gyp ERR! not ok 
Failed to execute '/usr/local/bin/node /usr/local/lib/node_modules/npm/node_modules/node-gyp/bin/node-gyp.js configure --fallback-to-build --module=/Users/felixhui/Desktop/reactJS/reactQa/node_modules/fsevents/lib/binding/Release/node-v67-darwin-x64/fse.node --module_name=fse --module_path=/Users/felixhui/Desktop/reactJS/reactQa/node_modules/fsevents/lib/binding/Release/node-v67-darwin-x64 --napi_version=4 --node_abi_napi=napi' (1)
npm WARN reactqa@1.0.0 No description
npm WARN reactqa@1.0.0 No repository field.
npm WARN optional SKIPPING OPTIONAL DEPENDENCY: fsevents@1.2.7 (node_modules/fsevents):
npm WARN optional SKIPPING OPTIONAL DEPENDENCY: fsevents@1.2.7 install: `node install`
npm WARN optional SKIPPING OPTIONAL DEPENDENCY: Exit status 1

+ gulp@4.0.0
+ gulp-concat@2.6.1
+ gulp-connect@5.7.0
+ lodash@4.17.11
+ reactify@1.1.1
+ gulp-react@4.0.0
+ gulp-browserify@0.5.1
added 618 packages from 386 contributors and audited 7056 packages in 118.453s
found 5 vulnerabilities (3 low, 1 high, 1 critical)
  run `npm audit fix` to fix them, or `npm audit` for details
Felixde-MacBook-Air:reactQa felixhui$ bower init
? name reactQa
? description 
? main file index.js
? keywords 
? authors LINXufeng
? license ISC
? homepage 
? set currently installed components as dependencies? Yes
? add commonly ignored files to ignore list? Yes
? would you like to mark this package as private which prevents it from being accidentally published to the registry? No

{
  name: 'reactQa',
  description: '',
  main: 'index.js',
  authors: [
    'LINXufeng'
  ],
  license: 'ISC',
  homepage: '',
  ignore: [
    '**/.*',
    'node_modules',
    'bower_components',
    'test',
    'tests'
  ]
}

? Looks good? Yes
Felixde-MacBook-Air:reactQa felixhui$ bower install bootstrap --save
bower                     invalid-meta for:/Users/felixhui/Desktop/reactJS/reactQa/bower.json
bower                     invalid-meta The "name" is recommended to be lowercase, can contain digits, dots, dashes
bower bootstrap#*           not-cached https://github.com/twbs/bootstrap.git#*
bower bootstrap#*              resolve https://github.com/twbs/bootstrap.git#*
bower bootstrap#*             download https://github.com/twbs/bootstrap/archive/v4.3.1.tar.gz
bower bootstrap#*              extract archive.tar.gz
bower bootstrap#*             resolved https://github.com/twbs/bootstrap.git#4.3.1
bower bootstrap#^4.3.1         install bootstrap#4.3.1

bootstrap#4.3.1 bower_components/bootstrap
Felixde-MacBook-Air:reactQa felixhui$ 
